<?xml version="1.0" encoding="UTF-8"?>
<!-- Generated by org.testng.reporters.JUnitReportReporter -->
<testsuite hostname="Siddhesh-PC" failures="0" tests="1" name="appium.Appium.AppiumBasics" time="6.845" errors="0" timestamp="2025-05-20T23:55:37 IST" skipped="0">
  <testcase classname="appium.Appium.AppiumBasics" name="appiumBasics" time="6.845"/>
</testsuite> <!-- appium.Appium.AppiumBasics -->
