<?xml version="1.0" encoding="UTF-8"?>
<!-- Generated by org.testng.reporters.JUnitReportReporter -->
<testsuite hostname="Siddhesh-PC" failures="0" tests="1" name="appium.Appium.LongPressGestures" time="8.350" errors="0" timestamp="2025-05-21T09:19:04 IST" skipped="0">
  <testcase classname="appium.Appium.LongPressGestures" name="longPress" time="8.350"/>
</testsuite> <!-- appium.Appium.LongPressGestures -->
